<?xml version="1.0" encoding="UTF-8"?>
<!-- Generated by org.testng.reporters.JUnitReportReporter -->
<testsuite hostname="BASITH" failures="0" tests="6" name="Ecommerce.Testing" time="73.543" errors="0" timestamp="2022-10-11T16:24:40 IST" skipped="0">
  <testcase classname="Ecommerce.Testing" name="home" time="43.296"/>
  <system-out/>
  <testcase classname="Ecommerce.Testing" name="home" time="27.396"/>
  <system-out/>
  <testcase classname="Ecommerce.Testing" name="search" time="1.055"/>
  <system-out/>
  <testcase classname="Ecommerce.Testing" name="search" time="1.764"/>
  <system-out/>
  <testcase classname="Ecommerce.Testing" name="pageHeight" time="0.021"/>
  <system-out/>
  <testcase classname="Ecommerce.Testing" name="pageHeight" time="0.011"/>
  <system-out/>
</testsuite> <!-- Ecommerce.Testing -->
